2024-10-29 19:04:31 - Backing up /etc/nginx
2024-10-29 19:04:32 - Backing up /etc/apache2
2024-10-29 19:04:32 - Backing up /etc/ssh
2024-10-29 19:04:32 - Backing up /etc/network
2024-10-29 19:04:32 - Backing up /etc/wpa_supplicant
2024-10-29 19:04:32 - Warning: /etc/dhcpcd.conf does not exist
2024-10-29 19:04:32 - Backing up /etc/hosts
2024-10-29 19:04:33 - Backing up /etc/hostname
2024-10-29 19:04:33 - Backing up /etc/fstab
2024-10-29 19:04:33 - Backing up /home/siyi/.bashrc
2024-10-29 19:04:33 - Backing up /home/siyi/.config
2024-10-29 19:04:33 - Backing up /home/siyi/.local
2024-10-29 19:04:34 - Warning: /home/siyi/projects does not exist
2024-10-29 19:04:34 - Backing up /home/siyi/stream.py
2024-10-29 19:04:34 - Backing up /home/siyi/system_backup.sh
2024-10-29 19:04:34 - Backing up /var/www
2024-10-29 19:04:34 - Backing up /etc/systemd/system
2024-10-29 19:04:34 - Backing up /etc/crontab
2024-10-29 19:04:35 - Backing up /var/spool/cron/crontabs
2024-10-29 19:04:35 - Backing up /var/lib/dpkg/status
2024-10-29 19:05:02 - Changes pushed to GitHub
2024-10-29 19:06:48 - Backing up /etc/nginx
2024-10-29 19:06:48 - Backing up /etc/apache2
2024-10-29 19:06:48 - Backing up /etc/ssh
2024-10-29 19:06:49 - Backing up /etc/network
2024-10-29 19:06:49 - Backing up /etc/wpa_supplicant
2024-10-29 19:06:49 - Warning: /etc/dhcpcd.conf does not exist
2024-10-29 19:06:49 - Backing up /etc/hosts
2024-10-29 19:06:49 - Backing up /etc/hostname
2024-10-29 19:06:49 - Backing up /etc/fstab
2024-10-29 19:06:50 - Backing up /home/siyi/.bashrc
2024-10-29 19:06:50 - Backing up /home/siyi/.config
2024-10-29 19:06:50 - Backing up /home/siyi/.local
2024-10-29 19:06:50 - Warning: /home/siyi/projects does not exist
2024-10-29 19:06:50 - Backing up /home/siyi/stream.py
2024-10-29 19:06:50 - Backing up /home/siyi/system_backup.sh
2024-10-29 19:06:51 - Backing up /var/www
2024-10-29 19:06:51 - Backing up /etc/systemd/system
2024-10-29 19:06:51 - Backing up /etc/crontab
2024-10-29 19:06:51 - Backing up /var/spool/cron/crontabs
2024-10-29 19:06:51 - Backing up /var/lib/dpkg/status
2024-10-29 19:07:02 - Changes pushed to GitHub
2024-10-29 19:10:01 - Backing up /etc/nginx
2024-10-29 19:10:01 - Backing up /etc/apache2
2024-10-29 19:10:01 - Backing up /etc/ssh
2024-10-29 19:10:01 - Backing up /etc/network
2024-10-29 19:10:02 - Backing up /etc/wpa_supplicant
2024-10-29 19:10:02 - Warning: /etc/dhcpcd.conf does not exist
2024-10-29 19:10:02 - Backing up /etc/hosts
2024-10-29 19:10:02 - Backing up /etc/hostname
2024-10-29 19:10:02 - Backing up /etc/fstab
2024-10-29 19:10:02 - Backing up /home/siyi/.bashrc
2024-10-29 19:10:03 - Backing up /home/siyi/.config
2024-10-29 19:10:03 - Backing up /home/siyi/.local
2024-10-29 19:10:03 - Warning: /home/siyi/projects does not exist
2024-10-29 19:10:03 - Backing up /home/siyi/stream.py
2024-10-29 19:10:03 - Backing up /home/siyi/system_backup.sh
2024-10-29 19:10:03 - Backing up /var/www
2024-10-29 19:10:03 - Backing up /etc/systemd/system
2024-10-29 19:10:04 - Backing up /etc/crontab
2024-10-29 19:10:04 - Backing up /var/spool/cron/crontabs
2024-10-29 19:10:04 - Backing up /var/lib/dpkg/status
